<?xml version="1.0" encoding="UTF-8"?>
<!-- Generated by org.testng.reporters.JUnitReportReporter -->
<testsuite skipped="0" hostname="DESKTOP-9AMFONG" name="com.saucedemo.testcases.TC_001_Customer_Login" tests="1" failures="0" timestamp="2022-04-03T10:15:21 IST" time="2.409" errors="0">
  <testcase name="Verify_TC_001_Customer_Login" time="2.409" classname="com.saucedemo.testcases.TC_001_Customer_Login"/>
  <system-out/>
</testsuite> <!-- com.saucedemo.testcases.TC_001_Customer_Login -->
