<?xml version="1.0" encoding="UTF-8"?>
<!-- Generated by org.testng.reporters.JUnitReportReporter -->
<testsuite skipped="0" hostname="DESKTOP-9AMFONG" name="com.saucedemo.testcases.TC_004_Locked_Out_User" tests="1" failures="0" timestamp="2022-04-03T09:08:29 IST" time="1.236" errors="0">
  <testcase name="Verify_TC_004_Locked_Out_User" time="1.236" classname="com.saucedemo.testcases.TC_004_Locked_Out_User"/>
  <system-out/>
</testsuite> <!-- com.saucedemo.testcases.TC_004_Locked_Out_User -->
